<?xml version="1.0" encoding="UTF-8"?>
<!-- Generated by org.testng.reporters.JUnitReportReporter -->
<testsuite hostname="DESKTOP-I16IA9O" failures="0" tests="2" name="com.qacart.todo.runners.RunnerTest" time="5.984" errors="0" timestamp="2024-12-02T13:22:13 EET" skipped="0">
  <testcase classname="com.qacart.todo.runners.RunnerTest" name="runScenario" time="2.792"/>
  <testcase classname="com.qacart.todo.runners.RunnerTest" name="runScenario" time="3.192"/>
</testsuite> <!-- com.qacart.todo.runners.RunnerTest -->
